Generate the report at 2024-03-17T14:44:03, GitVersion: d9c76846ce6e28304fe193503daa05d7efa8c4cc.
+---------------------+-------------+------------+------------+---------------+-------+-------+-----------+
| Endpoint            | Clock Group | Delay Type | Path Delay | Path Required | CPPR  | Slack | Freq(MHz) |
+---------------------+-------------+------------+------------+---------------+-------+-------+-----------+
| dpath/a_reg/_154_:D | core_clock  | max        | 0.987f     | 1.961         | 0.000 | 0.974 | 974.806   |
| dpath/a_reg/_152_:D | core_clock  | max        | 0.987f     | 1.961         | 0.000 | 0.974 | 974.806   |
| dpath/a_reg/_150_:D | core_clock  | max        | 0.987f     | 1.961         | 0.000 | 0.974 | 974.806   |
| dpath/a_reg/_155_:D | core_clock  | min        | 0.166r     | 0.005         | 0.000 | 0.161 | NA        |
| dpath/a_reg/_154_:D | core_clock  | min        | 0.166r     | 0.005         | 0.000 | 0.161 | NA        |
| dpath/a_reg/_156_:D | core_clock  | min        | 0.166r     | 0.005         | 0.000 | 0.161 | NA        |
+---------------------+-------------+------------+------------+---------------+-------+-------+-----------+
+------------+------------+-------+
| Clock      | Delay Type | TNS   |
+------------+------------+-------+
| core_clock | max        | 0.000 |
| core_clock | min        | 0.000 |
+------------+------------+-------+
+----------------------------------+--------+-------------+------------+------------+-------------+--------+--------+--------+
| Point                            | Fanout | Capacitance | Resistance | Transition | Delta Delay | Derate | Incr   | Path   |
+----------------------------------+--------+-------------+------------+------------+-------------+--------+--------+--------+
| clk (port)                       |        | 0.032       | 0.000      | 0.000      |             | 1.000  | 0.000  | 0.000r |
| clk (clock net)                  | 34     |             |            |            | NA          |        |        |        |
| dpath/b_reg/_155_:CK (DFF_X1)    |        | 0.001       | 0.000      | 0.000      |             | 1.000  | 0.000  | 0.000r |
| clock core_clock (rise edge)     |        |             |            |            |             |        | 0      | 0      |
| clock network delay (ideal)      |        |             |            |            |             |        | 0.000  | 0.000  |
| dpath/b_reg/_155_:CK (DFF_X1)    |        | 0.001       | 0.000      | 0.000      |             | 1.000  | 0.000  | 0.000r |
| dpath/b_reg/_155_:Q (DFF_X1)     |        | 0.005       | 0.000      | 0.015      |             | 1.000  | 0.092  | 0.092r |
| dpath/a_lt_b$in1[9] (net)        | 5      |             |            |            | 0.000       |        |        |        |
| dpath/a_lt_b/_197_:A (BUF_X1)    |        | 0.001       | 0.000      | 0.015      |             | 1.000  | 0.000  | 0.092r |
| dpath/a_lt_b/_197_:Z (BUF_X1)    |        | 0.049       | 0.000      | 0.117      |             | 1.000  | 0.141  | 0.233r |
| dpath/a_lt_b/_031_ (net)         | 1      |             |            |            | 0.000       |        |        |        |
| dpath/a_lt_b/_131_:A (INV_X32)   |        | 0.049       | 0.000      | 0.117      |             | 1.000  | 0.000  | 0.233r |
| dpath/a_lt_b/_131_:ZN (INV_X32)  |        | 0.002       | 0.000      | 0.018      |             | 1.000  | -0.002 | 0.230f |
| dpath/a_lt_b/_064_ (net)         | 2      |             |            |            | 0.000       |        |        |        |
| dpath/a_lt_b/_132_:A1 (NOR2_X1)  |        | 0.002       | 0.000      | 0.018      |             | 1.000  | 0.000  | 0.230f |
| dpath/a_lt_b/_132_:ZN (NOR2_X1)  |        | 0.008       | 0.000      | 0.045      |             | 1.000  | 0.059  | 0.289r |
| dpath/a_lt_b/_065_ (net)         | 2      |             |            |            | 0.000       |        |        |        |
| dpath/a_lt_b/_160_:A (AOI21_X4)  |        | 0.006       | 0.000      | 0.045      |             | 1.000  | 0.000  | 0.289r |
| dpath/a_lt_b/_160_:ZN (AOI21_X4) |        | 0.003       | 0.000      | 0.012      |             | 1.000  | 0.018  | 0.307f |
| dpath/a_lt_b/_093_ (net)         | 1      |             |            |            | 0.000       |        |        |        |
| dpath/a_lt_b/_161_:A2 (NOR3_X2)  |        | 0.003       | 0.000      | 0.012      |             | 1.000  | 0.000  | 0.307f |
| dpath/a_lt_b/_161_:ZN (NOR3_X2)  |        | 0.002       | 0.000      | 0.023      |             | 1.000  | 0.041  | 0.349r |
| dpath/a_lt_b/_094_ (net)         | 1      |             |            |            | 0.000       |        |        |        |
| dpath/a_lt_b/_163_:A1 (OR3_X2)   |        | 0.002       | 0.000      | 0.023      |             | 1.000  | 0.000  | 0.349r |
| dpath/a_lt_b/_163_:ZN (OR3_X2)   |        | 0.002       | 0.000      | 0.006      |             | 1.000  | 0.026  | 0.375r |
| dpath/a_lt_b/_096_ (net)         | 1      |             |            |            | 0.000       |        |        |        |
| dpath/a_lt_b/_164_:A1 (AND2_X2)  |        | 0.002       | 0.000      | 0.006      |             | 1.000  | 0.000  | 0.375r |
| dpath/a_lt_b/_164_:ZN (AND2_X2)  |        | 0.007       | 0.000      | 0.012      |             | 1.000  | 0.033  | 0.408r |
| dpath/a_lt_b/_097_ (net)         | 1      |             |            |            | 0.000       |        |        |        |
| dpath/a_lt_b/_169_:A1 (NOR4_X4)  |        | 0.007       | 0.000      | 0.012      |             | 1.000  | 0.000  | 0.408r |
| dpath/a_lt_b/_169_:ZN (NOR4_X4)  |        | 0.001       | 0.000      | 0.011      |             | 1.000  | 0.009  | 0.417f |
| dpath/a_lt_b/_102_ (net)         | 1      |             |            |            | 0.000       |        |        |        |
| dpath/a_lt_b/_185_:B1 (AOI21_X1) |        | 0.002       | 0.000      | 0.011      |             | 1.000  | 0.000  | 0.417f |
| dpath/a_lt_b/_185_:ZN (AOI21_X1) |        | 0.001       | 0.000      | 0.018      |             | 1.000  | 0.023  | 0.440r |
| dpath/a_lt_b/_108_ (net)         | 1      |             |            |            | 0.000       |        |        |        |
| dpath/a_lt_b/_216_:A (BUF_X1)    |        | 0.001       | 0.000      | 0.018      |             | 1.000  | 0.000  | 0.440r |
| dpath/a_lt_b/_216_:Z (BUF_X1)    |        | 0.001       | 0.000      | 0.006      |             | 1.000  | 0.023  | 0.463r |
| ctrl$is_a_lt_b (net)             | 1      |             |            |            | 0.000       |        |        |        |
| ctrl/_39_:A (BUF_X1)             |        | 0.001       | 0.000      | 0.006      |             | 1.000  | 0.000  | 0.463r |
| ctrl/_39_:Z (BUF_X1)             |        | 0.017       | 0.000      | 0.044      |             | 1.000  | 0.060  | 0.524r |
| ctrl/_07_ (net)                  | 3      |             |            |            | 0.000       |        |        |        |
| ctrl/_25_:A3 (AND3_X4)           |        | 0.004       | 0.000      | 0.044      |             | 1.000  | 0.000  | 0.524r |
| ctrl/_25_:ZN (AND3_X4)           |        | 0.001       | 0.000      | 0.010      |             | 1.000  | 0.042  | 0.565r |
| ctrl/_01_ (net)                  | 1      |             |            |            | 0.000       |        |        |        |
| ctrl/_41_:A (BUF_X1)             |        | 0.001       | 0.000      | 0.010      |             | 1.000  | 0.000  | 0.565r |
| ctrl/_41_:Z (BUF_X1)             |        | 0.001       | 0.000      | 0.006      |             | 1.000  | 0.020  | 0.585r |
| ctrl$a_mux_sel[1] (net)          | 1      |             |            |            | 0.000       |        |        |        |
| dpath/a_mux/_161_:A (BUF_X1)     |        | 0.001       | 0.000      | 0.006      |             | 1.000  | 0.000  | 0.585r |
| dpath/a_mux/_161_:Z (BUF_X1)     |        | 0.054       | 0.000      | 0.128      |             | 1.000  | 0.149  | 0.735r |
| dpath/a_mux/_104_ (net)          | 2      |             |            |            | 0.000       |        |        |        |
| dpath/a_mux/_111_:B (XNOR2_X2)   |        | 0.005       | 0.000      | 0.128      |             | 1.000  | 0.000  | 0.735r |
| dpath/a_mux/_111_:ZN (XNOR2_X2)  |        | 0.012       | 0.000      | 0.041      |             | 1.000  | 0.051  | 0.786f |
| dpath/a_mux/_068_ (net)          | 7      |             |            |            | 0.000       |        |        |        |
| dpath/a_mux/_112_:A (BUF_X4)     |        | 0.003       | 0.000      | 0.041      |             | 1.000  | 0.000  | 0.786f |
| dpath/a_mux/_112_:Z (BUF_X4)     |        | 0.017       | 0.000      | 0.009      |             | 1.000  | 0.044  | 0.830f |
| dpath/a_mux/_069_ (net)          | 10     |             |            |            | 0.000       |        |        |        |
| dpath/a_mux/_137_:A1 (NAND2_X1)  |        | 0.002       | 0.000      | 0.009      |             | 1.000  | 0.000  | 0.830f |
| dpath/a_mux/_137_:ZN (NAND2_X1)  |        | 0.002       | 0.000      | 0.010      |             | 1.000  | 0.015  | 0.845r |
| dpath/a_mux/_086_ (net)          | 1      |             |            |            | 0.000       |        |        |        |
| dpath/a_mux/_138_:A2 (NAND2_X1)  |        | 0.002       | 0.000      | 0.010      |             | 1.000  | 0.000  | 0.845r |
| dpath/a_mux/_138_:ZN (NAND2_X1)  |        | 0.001       | 0.000      | 0.008      |             | 1.000  | 0.012  | 0.857f |
| dpath/a_mux/_101_ (net)          | 1      |             |            |            | 0.000       |        |        |        |
| dpath/a_mux/_197_:A (BUF_X1)     |        | 0.001       | 0.000      | 0.008      |             | 1.000  | 0.000  | 0.857f |
| dpath/a_mux/_197_:Z (BUF_X1)     |        | 0.001       | 0.000      | 0.005      |             | 1.000  | 0.025  | 0.882f |
| dpath/a_mux$out[8] (net)         | 1      |             |            |            | 0.000       |        |        |        |
| dpath/a_reg/_123_:A (BUF_X1)     |        | 0.001       | 0.000      | 0.005      |             | 1.000  | 0.000  | 0.882f |
| dpath/a_reg/_123_:Z (BUF_X1)     |        | 0.001       | 0.000      | 0.005      |             | 1.000  | 0.023  | 0.905f |
| dpath/a_reg/_047_ (net)          | 1      |             |            |            | 0.000       |        |        |        |
| dpath/a_reg/_089_:B (MUX2_X1)    |        | 0.001       | 0.000      | 0.005      |             | 1.000  | 0.000  | 0.905f |
| dpath/a_reg/_089_:Z (MUX2_X1)    |        | 0.001       | 0.000      | 0.009      |             | 1.000  | 0.054  | 0.959f |
| dpath/a_reg/_030_ (net)          | 1      |             |            |            | 0.000       |        |        |        |
| dpath/a_reg/_124_:A (BUF_X1)     |        | 0.001       | 0.000      | 0.009      |             | 1.000  | 0.000  | 0.959f |
| dpath/a_reg/_124_:Z (BUF_X1)     |        | 0.001       | 0.000      | 0.006      |             | 1.000  | 0.028  | 0.987f |
| dpath/a_reg/_014_ (net)          | 1      |             |            |            | 0.000       |        |        |        |
| dpath/a_reg/_154_:D (DFF_X1)     |        | 0.001       | 0.000      | 0.006      |             | 1.000  | 0.000  | 0.987f |
|                                  |        |             |            |            |             |        |        |        |
| clk (port)                       |        | 0.032       | 0.000      | 0.000      |             | 1.000  | 0.000  | 0.000r |
| clk (clock net)                  | 34     |             |            |            | NA          |        |        |        |
| dpath/a_reg/_154_:CK (DFF_X1)    |        | 0.001       | 0.000      | 0.000      |             | 1.000  | 0.000  | 0.000r |
| clock core_clock (rise edge)     |        |             |            |            |             |        | 2      | 2      |
| clock network delay (ideal)      |        |             |            |            |             |        | 0.000  | 2.000  |
| dpath/a_reg/_154_:CK (DFF_X1)    |        |             |            |            |             |        |        | r      |
| library setup time               |        |             |            |            |             |        | -0.039 | 1.961  |
| clock reconvergence pessimism    |        |             |            |            |             | 0.000  | 1.961  |        |
|                                  |        |             |            |            |             |        |        |        |
| data require time                |        |             |            |            |             |        |        | 1.961  |
| data arrival time                |        |             |            |            |             |        |        | 0.987  |
| slack (MET)                      |        |             |            |            |             |        |        | 0.974  |
+----------------------------------+--------+-------------+------------+------------+-------------+--------+--------+--------+
+----------------------------------+--------+-------------+------------+------------+-------------+--------+--------+--------+
| Point                            | Fanout | Capacitance | Resistance | Transition | Delta Delay | Derate | Incr   | Path   |
+----------------------------------+--------+-------------+------------+------------+-------------+--------+--------+--------+
| clk (port)                       |        | 0.032       | 0.000      | 0.000      |             | 1.000  | 0.000  | 0.000r |
| clk (clock net)                  | 34     |             |            |            | NA          |        |        |        |
| dpath/b_reg/_155_:CK (DFF_X1)    |        | 0.001       | 0.000      | 0.000      |             | 1.000  | 0.000  | 0.000r |
| clock core_clock (rise edge)     |        |             |            |            |             |        | 0      | 0      |
| clock network delay (ideal)      |        |             |            |            |             |        | 0.000  | 0.000  |
| dpath/b_reg/_155_:CK (DFF_X1)    |        | 0.001       | 0.000      | 0.000      |             | 1.000  | 0.000  | 0.000r |
| dpath/b_reg/_155_:Q (DFF_X1)     |        | 0.005       | 0.000      | 0.015      |             | 1.000  | 0.092  | 0.092r |
| dpath/a_lt_b$in1[9] (net)        | 5      |             |            |            | 0.000       |        |        |        |
| dpath/a_lt_b/_197_:A (BUF_X1)    |        | 0.001       | 0.000      | 0.015      |             | 1.000  | 0.000  | 0.092r |
| dpath/a_lt_b/_197_:Z (BUF_X1)    |        | 0.049       | 0.000      | 0.117      |             | 1.000  | 0.141  | 0.233r |
| dpath/a_lt_b/_031_ (net)         | 1      |             |            |            | 0.000       |        |        |        |
| dpath/a_lt_b/_131_:A (INV_X32)   |        | 0.049       | 0.000      | 0.117      |             | 1.000  | 0.000  | 0.233r |
| dpath/a_lt_b/_131_:ZN (INV_X32)  |        | 0.002       | 0.000      | 0.018      |             | 1.000  | -0.002 | 0.230f |
| dpath/a_lt_b/_064_ (net)         | 2      |             |            |            | 0.000       |        |        |        |
| dpath/a_lt_b/_132_:A1 (NOR2_X1)  |        | 0.002       | 0.000      | 0.018      |             | 1.000  | 0.000  | 0.230f |
| dpath/a_lt_b/_132_:ZN (NOR2_X1)  |        | 0.008       | 0.000      | 0.045      |             | 1.000  | 0.059  | 0.289r |
| dpath/a_lt_b/_065_ (net)         | 2      |             |            |            | 0.000       |        |        |        |
| dpath/a_lt_b/_160_:A (AOI21_X4)  |        | 0.006       | 0.000      | 0.045      |             | 1.000  | 0.000  | 0.289r |
| dpath/a_lt_b/_160_:ZN (AOI21_X4) |        | 0.003       | 0.000      | 0.012      |             | 1.000  | 0.018  | 0.307f |
| dpath/a_lt_b/_093_ (net)         | 1      |             |            |            | 0.000       |        |        |        |
| dpath/a_lt_b/_161_:A2 (NOR3_X2)  |        | 0.003       | 0.000      | 0.012      |             | 1.000  | 0.000  | 0.307f |
| dpath/a_lt_b/_161_:ZN (NOR3_X2)  |        | 0.002       | 0.000      | 0.023      |             | 1.000  | 0.041  | 0.349r |
| dpath/a_lt_b/_094_ (net)         | 1      |             |            |            | 0.000       |        |        |        |
| dpath/a_lt_b/_163_:A1 (OR3_X2)   |        | 0.002       | 0.000      | 0.023      |             | 1.000  | 0.000  | 0.349r |
| dpath/a_lt_b/_163_:ZN (OR3_X2)   |        | 0.002       | 0.000      | 0.006      |             | 1.000  | 0.026  | 0.375r |
| dpath/a_lt_b/_096_ (net)         | 1      |             |            |            | 0.000       |        |        |        |
| dpath/a_lt_b/_164_:A1 (AND2_X2)  |        | 0.002       | 0.000      | 0.006      |             | 1.000  | 0.000  | 0.375r |
| dpath/a_lt_b/_164_:ZN (AND2_X2)  |        | 0.007       | 0.000      | 0.012      |             | 1.000  | 0.033  | 0.408r |
| dpath/a_lt_b/_097_ (net)         | 1      |             |            |            | 0.000       |        |        |        |
| dpath/a_lt_b/_169_:A1 (NOR4_X4)  |        | 0.007       | 0.000      | 0.012      |             | 1.000  | 0.000  | 0.408r |
| dpath/a_lt_b/_169_:ZN (NOR4_X4)  |        | 0.001       | 0.000      | 0.011      |             | 1.000  | 0.009  | 0.417f |
| dpath/a_lt_b/_102_ (net)         | 1      |             |            |            | 0.000       |        |        |        |
| dpath/a_lt_b/_185_:B1 (AOI21_X1) |        | 0.002       | 0.000      | 0.011      |             | 1.000  | 0.000  | 0.417f |
| dpath/a_lt_b/_185_:ZN (AOI21_X1) |        | 0.001       | 0.000      | 0.018      |             | 1.000  | 0.023  | 0.440r |
| dpath/a_lt_b/_108_ (net)         | 1      |             |            |            | 0.000       |        |        |        |
| dpath/a_lt_b/_216_:A (BUF_X1)    |        | 0.001       | 0.000      | 0.018      |             | 1.000  | 0.000  | 0.440r |
| dpath/a_lt_b/_216_:Z (BUF_X1)    |        | 0.001       | 0.000      | 0.006      |             | 1.000  | 0.023  | 0.463r |
| ctrl$is_a_lt_b (net)             | 1      |             |            |            | 0.000       |        |        |        |
| ctrl/_39_:A (BUF_X1)             |        | 0.001       | 0.000      | 0.006      |             | 1.000  | 0.000  | 0.463r |
| ctrl/_39_:Z (BUF_X1)             |        | 0.017       | 0.000      | 0.044      |             | 1.000  | 0.060  | 0.524r |
| ctrl/_07_ (net)                  | 3      |             |            |            | 0.000       |        |        |        |
| ctrl/_25_:A3 (AND3_X4)           |        | 0.004       | 0.000      | 0.044      |             | 1.000  | 0.000  | 0.524r |
| ctrl/_25_:ZN (AND3_X4)           |        | 0.001       | 0.000      | 0.010      |             | 1.000  | 0.042  | 0.565r |
| ctrl/_01_ (net)                  | 1      |             |            |            | 0.000       |        |        |        |
| ctrl/_41_:A (BUF_X1)             |        | 0.001       | 0.000      | 0.010      |             | 1.000  | 0.000  | 0.565r |
| ctrl/_41_:Z (BUF_X1)             |        | 0.001       | 0.000      | 0.006      |             | 1.000  | 0.020  | 0.585r |
| ctrl$a_mux_sel[1] (net)          | 1      |             |            |            | 0.000       |        |        |        |
| dpath/a_mux/_161_:A (BUF_X1)     |        | 0.001       | 0.000      | 0.006      |             | 1.000  | 0.000  | 0.585r |
| dpath/a_mux/_161_:Z (BUF_X1)     |        | 0.054       | 0.000      | 0.128      |             | 1.000  | 0.149  | 0.735r |
| dpath/a_mux/_104_ (net)          | 2      |             |            |            | 0.000       |        |        |        |
| dpath/a_mux/_111_:B (XNOR2_X2)   |        | 0.005       | 0.000      | 0.128      |             | 1.000  | 0.000  | 0.735r |
| dpath/a_mux/_111_:ZN (XNOR2_X2)  |        | 0.012       | 0.000      | 0.041      |             | 1.000  | 0.051  | 0.786f |
| dpath/a_mux/_068_ (net)          | 7      |             |            |            | 0.000       |        |        |        |
| dpath/a_mux/_112_:A (BUF_X4)     |        | 0.003       | 0.000      | 0.041      |             | 1.000  | 0.000  | 0.786f |
| dpath/a_mux/_112_:Z (BUF_X4)     |        | 0.017       | 0.000      | 0.009      |             | 1.000  | 0.044  | 0.830f |
| dpath/a_mux/_069_ (net)          | 10     |             |            |            | 0.000       |        |        |        |
| dpath/a_mux/_131_:A1 (NAND2_X1)  |        | 0.002       | 0.000      | 0.009      |             | 1.000  | 0.000  | 0.830f |
| dpath/a_mux/_131_:ZN (NAND2_X1)  |        | 0.002       | 0.000      | 0.010      |             | 1.000  | 0.015  | 0.845r |
| dpath/a_mux/_082_ (net)          | 1      |             |            |            | 0.000       |        |        |        |
| dpath/a_mux/_132_:A2 (NAND2_X1)  |        | 0.002       | 0.000      | 0.010      |             | 1.000  | 0.000  | 0.845r |
| dpath/a_mux/_132_:ZN (NAND2_X1)  |        | 0.001       | 0.000      | 0.008      |             | 1.000  | 0.012  | 0.857f |
| dpath/a_mux/_099_ (net)          | 1      |             |            |            | 0.000       |        |        |        |
| dpath/a_mux/_189_:A (BUF_X1)     |        | 0.001       | 0.000      | 0.008      |             | 1.000  | 0.000  | 0.857f |
| dpath/a_mux/_189_:Z (BUF_X1)     |        | 0.001       | 0.000      | 0.005      |             | 1.000  | 0.025  | 0.882f |
| dpath/a_mux$out[6] (net)         | 1      |             |            |            | 0.000       |        |        |        |
| dpath/a_reg/_117_:A (BUF_X1)     |        | 0.001       | 0.000      | 0.005      |             | 1.000  | 0.000  | 0.882f |
| dpath/a_reg/_117_:Z (BUF_X1)     |        | 0.001       | 0.000      | 0.005      |             | 1.000  | 0.023  | 0.905f |
| dpath/a_reg/_045_ (net)          | 1      |             |            |            | 0.000       |        |        |        |
| dpath/a_reg/_087_:B (MUX2_X1)    |        | 0.001       | 0.000      | 0.005      |             | 1.000  | 0.000  | 0.905f |
| dpath/a_reg/_087_:Z (MUX2_X1)    |        | 0.001       | 0.000      | 0.009      |             | 1.000  | 0.054  | 0.959f |
| dpath/a_reg/_028_ (net)          | 1      |             |            |            | 0.000       |        |        |        |
| dpath/a_reg/_118_:A (BUF_X1)     |        | 0.001       | 0.000      | 0.009      |             | 1.000  | 0.000  | 0.959f |
| dpath/a_reg/_118_:Z (BUF_X1)     |        | 0.001       | 0.000      | 0.006      |             | 1.000  | 0.028  | 0.987f |
| dpath/a_reg/_012_ (net)          | 1      |             |            |            | 0.000       |        |        |        |
| dpath/a_reg/_152_:D (DFF_X1)     |        | 0.001       | 0.000      | 0.006      |             | 1.000  | 0.000  | 0.987f |
|                                  |        |             |            |            |             |        |        |        |
| clk (port)                       |        | 0.032       | 0.000      | 0.000      |             | 1.000  | 0.000  | 0.000r |
| clk (clock net)                  | 34     |             |            |            | NA          |        |        |        |
| dpath/a_reg/_152_:CK (DFF_X1)    |        | 0.001       | 0.000      | 0.000      |             | 1.000  | 0.000  | 0.000r |
| clock core_clock (rise edge)     |        |             |            |            |             |        | 2      | 2      |
| clock network delay (ideal)      |        |             |            |            |             |        | 0.000  | 2.000  |
| dpath/a_reg/_152_:CK (DFF_X1)    |        |             |            |            |             |        |        | r      |
| library setup time               |        |             |            |            |             |        | -0.039 | 1.961  |
| clock reconvergence pessimism    |        |             |            |            |             | 0.000  | 1.961  |        |
|                                  |        |             |            |            |             |        |        |        |
| data require time                |        |             |            |            |             |        |        | 1.961  |
| data arrival time                |        |             |            |            |             |        |        | 0.987  |
| slack (MET)                      |        |             |            |            |             |        |        | 0.974  |
+----------------------------------+--------+-------------+------------+------------+-------------+--------+--------+--------+
+----------------------------------+--------+-------------+------------+------------+-------------+--------+--------+--------+
| Point                            | Fanout | Capacitance | Resistance | Transition | Delta Delay | Derate | Incr   | Path   |
+----------------------------------+--------+-------------+------------+------------+-------------+--------+--------+--------+
| clk (port)                       |        | 0.032       | 0.000      | 0.000      |             | 1.000  | 0.000  | 0.000r |
| clk (clock net)                  | 34     |             |            |            | NA          |        |        |        |
| dpath/b_reg/_155_:CK (DFF_X1)    |        | 0.001       | 0.000      | 0.000      |             | 1.000  | 0.000  | 0.000r |
| clock core_clock (rise edge)     |        |             |            |            |             |        | 0      | 0      |
| clock network delay (ideal)      |        |             |            |            |             |        | 0.000  | 0.000  |
| dpath/b_reg/_155_:CK (DFF_X1)    |        | 0.001       | 0.000      | 0.000      |             | 1.000  | 0.000  | 0.000r |
| dpath/b_reg/_155_:Q (DFF_X1)     |        | 0.005       | 0.000      | 0.015      |             | 1.000  | 0.092  | 0.092r |
| dpath/a_lt_b$in1[9] (net)        | 5      |             |            |            | 0.000       |        |        |        |
| dpath/a_lt_b/_197_:A (BUF_X1)    |        | 0.001       | 0.000      | 0.015      |             | 1.000  | 0.000  | 0.092r |
| dpath/a_lt_b/_197_:Z (BUF_X1)    |        | 0.049       | 0.000      | 0.117      |             | 1.000  | 0.141  | 0.233r |
| dpath/a_lt_b/_031_ (net)         | 1      |             |            |            | 0.000       |        |        |        |
| dpath/a_lt_b/_131_:A (INV_X32)   |        | 0.049       | 0.000      | 0.117      |             | 1.000  | 0.000  | 0.233r |
| dpath/a_lt_b/_131_:ZN (INV_X32)  |        | 0.002       | 0.000      | 0.018      |             | 1.000  | -0.002 | 0.230f |
| dpath/a_lt_b/_064_ (net)         | 2      |             |            |            | 0.000       |        |        |        |
| dpath/a_lt_b/_132_:A1 (NOR2_X1)  |        | 0.002       | 0.000      | 0.018      |             | 1.000  | 0.000  | 0.230f |
| dpath/a_lt_b/_132_:ZN (NOR2_X1)  |        | 0.008       | 0.000      | 0.045      |             | 1.000  | 0.059  | 0.289r |
| dpath/a_lt_b/_065_ (net)         | 2      |             |            |            | 0.000       |        |        |        |
| dpath/a_lt_b/_160_:A (AOI21_X4)  |        | 0.006       | 0.000      | 0.045      |             | 1.000  | 0.000  | 0.289r |
| dpath/a_lt_b/_160_:ZN (AOI21_X4) |        | 0.003       | 0.000      | 0.012      |             | 1.000  | 0.018  | 0.307f |
| dpath/a_lt_b/_093_ (net)         | 1      |             |            |            | 0.000       |        |        |        |
| dpath/a_lt_b/_161_:A2 (NOR3_X2)  |        | 0.003       | 0.000      | 0.012      |             | 1.000  | 0.000  | 0.307f |
| dpath/a_lt_b/_161_:ZN (NOR3_X2)  |        | 0.002       | 0.000      | 0.023      |             | 1.000  | 0.041  | 0.349r |
| dpath/a_lt_b/_094_ (net)         | 1      |             |            |            | 0.000       |        |        |        |
| dpath/a_lt_b/_163_:A1 (OR3_X2)   |        | 0.002       | 0.000      | 0.023      |             | 1.000  | 0.000  | 0.349r |
| dpath/a_lt_b/_163_:ZN (OR3_X2)   |        | 0.002       | 0.000      | 0.006      |             | 1.000  | 0.026  | 0.375r |
| dpath/a_lt_b/_096_ (net)         | 1      |             |            |            | 0.000       |        |        |        |
| dpath/a_lt_b/_164_:A1 (AND2_X2)  |        | 0.002       | 0.000      | 0.006      |             | 1.000  | 0.000  | 0.375r |
| dpath/a_lt_b/_164_:ZN (AND2_X2)  |        | 0.007       | 0.000      | 0.012      |             | 1.000  | 0.033  | 0.408r |
| dpath/a_lt_b/_097_ (net)         | 1      |             |            |            | 0.000       |        |        |        |
| dpath/a_lt_b/_169_:A1 (NOR4_X4)  |        | 0.007       | 0.000      | 0.012      |             | 1.000  | 0.000  | 0.408r |
| dpath/a_lt_b/_169_:ZN (NOR4_X4)  |        | 0.001       | 0.000      | 0.011      |             | 1.000  | 0.009  | 0.417f |
| dpath/a_lt_b/_102_ (net)         | 1      |             |            |            | 0.000       |        |        |        |
| dpath/a_lt_b/_185_:B1 (AOI21_X1) |        | 0.002       | 0.000      | 0.011      |             | 1.000  | 0.000  | 0.417f |
| dpath/a_lt_b/_185_:ZN (AOI21_X1) |        | 0.001       | 0.000      | 0.018      |             | 1.000  | 0.023  | 0.440r |
| dpath/a_lt_b/_108_ (net)         | 1      |             |            |            | 0.000       |        |        |        |
| dpath/a_lt_b/_216_:A (BUF_X1)    |        | 0.001       | 0.000      | 0.018      |             | 1.000  | 0.000  | 0.440r |
| dpath/a_lt_b/_216_:Z (BUF_X1)    |        | 0.001       | 0.000      | 0.006      |             | 1.000  | 0.023  | 0.463r |
| ctrl$is_a_lt_b (net)             | 1      |             |            |            | 0.000       |        |        |        |
| ctrl/_39_:A (BUF_X1)             |        | 0.001       | 0.000      | 0.006      |             | 1.000  | 0.000  | 0.463r |
| ctrl/_39_:Z (BUF_X1)             |        | 0.017       | 0.000      | 0.044      |             | 1.000  | 0.060  | 0.524r |
| ctrl/_07_ (net)                  | 3      |             |            |            | 0.000       |        |        |        |
| ctrl/_25_:A3 (AND3_X4)           |        | 0.004       | 0.000      | 0.044      |             | 1.000  | 0.000  | 0.524r |
| ctrl/_25_:ZN (AND3_X4)           |        | 0.001       | 0.000      | 0.010      |             | 1.000  | 0.042  | 0.565r |
| ctrl/_01_ (net)                  | 1      |             |            |            | 0.000       |        |        |        |
| ctrl/_41_:A (BUF_X1)             |        | 0.001       | 0.000      | 0.010      |             | 1.000  | 0.000  | 0.565r |
| ctrl/_41_:Z (BUF_X1)             |        | 0.001       | 0.000      | 0.006      |             | 1.000  | 0.020  | 0.585r |
| ctrl$a_mux_sel[1] (net)          | 1      |             |            |            | 0.000       |        |        |        |
| dpath/a_mux/_161_:A (BUF_X1)     |        | 0.001       | 0.000      | 0.006      |             | 1.000  | 0.000  | 0.585r |
| dpath/a_mux/_161_:Z (BUF_X1)     |        | 0.054       | 0.000      | 0.128      |             | 1.000  | 0.149  | 0.735r |
| dpath/a_mux/_104_ (net)          | 2      |             |            |            | 0.000       |        |        |        |
| dpath/a_mux/_111_:B (XNOR2_X2)   |        | 0.005       | 0.000      | 0.128      |             | 1.000  | 0.000  | 0.735r |
| dpath/a_mux/_111_:ZN (XNOR2_X2)  |        | 0.012       | 0.000      | 0.041      |             | 1.000  | 0.051  | 0.786f |
| dpath/a_mux/_068_ (net)          | 7      |             |            |            | 0.000       |        |        |        |
| dpath/a_mux/_112_:A (BUF_X4)     |        | 0.003       | 0.000      | 0.041      |             | 1.000  | 0.000  | 0.786f |
| dpath/a_mux/_112_:Z (BUF_X4)     |        | 0.017       | 0.000      | 0.009      |             | 1.000  | 0.044  | 0.830f |
| dpath/a_mux/_069_ (net)          | 10     |             |            |            | 0.000       |        |        |        |
| dpath/a_mux/_125_:A1 (NAND2_X1)  |        | 0.002       | 0.000      | 0.009      |             | 1.000  | 0.000  | 0.830f |
| dpath/a_mux/_125_:ZN (NAND2_X1)  |        | 0.002       | 0.000      | 0.010      |             | 1.000  | 0.015  | 0.845r |
| dpath/a_mux/_078_ (net)          | 1      |             |            |            | 0.000       |        |        |        |
| dpath/a_mux/_126_:A2 (NAND2_X1)  |        | 0.002       | 0.000      | 0.010      |             | 1.000  | 0.000  | 0.845r |
| dpath/a_mux/_126_:ZN (NAND2_X1)  |        | 0.001       | 0.000      | 0.008      |             | 1.000  | 0.012  | 0.857f |
| dpath/a_mux/_097_ (net)          | 1      |             |            |            | 0.000       |        |        |        |
| dpath/a_mux/_181_:A (BUF_X1)     |        | 0.001       | 0.000      | 0.008      |             | 1.000  | 0.000  | 0.857f |
| dpath/a_mux/_181_:Z (BUF_X1)     |        | 0.001       | 0.000      | 0.005      |             | 1.000  | 0.025  | 0.882f |
| dpath/a_mux$out[4] (net)         | 1      |             |            |            | 0.000       |        |        |        |
| dpath/a_reg/_111_:A (BUF_X1)     |        | 0.001       | 0.000      | 0.005      |             | 1.000  | 0.000  | 0.882f |
| dpath/a_reg/_111_:Z (BUF_X1)     |        | 0.001       | 0.000      | 0.005      |             | 1.000  | 0.023  | 0.905f |
| dpath/a_reg/_043_ (net)          | 1      |             |            |            | 0.000       |        |        |        |
| dpath/a_reg/_085_:B (MUX2_X1)    |        | 0.001       | 0.000      | 0.005      |             | 1.000  | 0.000  | 0.905f |
| dpath/a_reg/_085_:Z (MUX2_X1)    |        | 0.001       | 0.000      | 0.009      |             | 1.000  | 0.054  | 0.959f |
| dpath/a_reg/_026_ (net)          | 1      |             |            |            | 0.000       |        |        |        |
| dpath/a_reg/_112_:A (BUF_X1)     |        | 0.001       | 0.000      | 0.009      |             | 1.000  | 0.000  | 0.959f |
| dpath/a_reg/_112_:Z (BUF_X1)     |        | 0.001       | 0.000      | 0.006      |             | 1.000  | 0.028  | 0.987f |
| dpath/a_reg/_010_ (net)          | 1      |             |            |            | 0.000       |        |        |        |
| dpath/a_reg/_150_:D (DFF_X1)     |        | 0.001       | 0.000      | 0.006      |             | 1.000  | 0.000  | 0.987f |
|                                  |        |             |            |            |             |        |        |        |
| clk (port)                       |        | 0.032       | 0.000      | 0.000      |             | 1.000  | 0.000  | 0.000r |
| clk (clock net)                  | 34     |             |            |            | NA          |        |        |        |
| dpath/a_reg/_150_:CK (DFF_X1)    |        | 0.001       | 0.000      | 0.000      |             | 1.000  | 0.000  | 0.000r |
| clock core_clock (rise edge)     |        |             |            |            |             |        | 2      | 2      |
| clock network delay (ideal)      |        |             |            |            |             |        | 0.000  | 2.000  |
| dpath/a_reg/_150_:CK (DFF_X1)    |        |             |            |            |             |        |        | r      |
| library setup time               |        |             |            |            |             |        | -0.039 | 1.961  |
| clock reconvergence pessimism    |        |             |            |            |             | 0.000  | 1.961  |        |
|                                  |        |             |            |            |             |        |        |        |
| data require time                |        |             |            |            |             |        |        | 1.961  |
| data arrival time                |        |             |            |            |             |        |        | 0.987  |
| slack (MET)                      |        |             |            |            |             |        |        | 0.974  |
+----------------------------------+--------+-------------+------------+------------+-------------+--------+--------+--------+
+-------------------------------+--------+-------------+------------+------------+-------------+--------+-------+--------+
| Point                         | Fanout | Capacitance | Resistance | Transition | Delta Delay | Derate | Incr  | Path   |
+-------------------------------+--------+-------------+------------+------------+-------------+--------+-------+--------+
| clk (port)                    |        | 0.032       | 0.000      | 0.000      |             | 1.000  | 0.000 | 0.000r |
| clk (clock net)               | 34     |             |            |            | NA          |        |       |        |
| dpath/a_reg/_155_:CK (DFF_X1) |        | 0.001       | 0.000      | 0.000      |             | 1.000  | 0.000 | 0.000r |
| clock core_clock (rise edge)  |        |             |            |            |             |        | 0     | 0      |
| clock network delay (ideal)   |        |             |            |            |             |        | 0.000 | 0.000  |
| dpath/a_reg/_155_:CK (DFF_X1) |        | 0.001       | 0.000      | 0.000      |             | 1.000  | 0.000 | 0.000r |
| dpath/a_reg/_155_:Q (DFF_X1)  |        | 0.004       | 0.000      | 0.013      |             | 1.000  | 0.090 | 0.090r |
| dpath/a_lt_b$in0[9] (net)     | 4      |             |            |            | 0.000       |        |       |        |
| dpath/a_reg/_125_:A (BUF_X1)  |        | 0.001       | 0.000      | 0.013      |             | 1.000  | 0.000 | 0.090r |
| dpath/a_reg/_125_:Z (BUF_X1)  |        | 0.001       | 0.000      | 0.006      |             | 1.000  | 0.021 | 0.111r |
| dpath/a_reg/_064_ (net)       | 1      |             |            |            | 0.000       |        |       |        |
| dpath/a_reg/_090_:A (MUX2_X1) |        | 0.001       | 0.000      | 0.006      |             | 1.000  | 0.000 | 0.111r |
| dpath/a_reg/_090_:Z (MUX2_X1) |        | 0.001       | 0.000      | 0.007      |             | 1.000  | 0.033 | 0.144r |
| dpath/a_reg/_031_ (net)       | 1      |             |            |            | 0.000       |        |       |        |
| dpath/a_reg/_127_:A (BUF_X1)  |        | 0.001       | 0.000      | 0.007      |             | 1.000  | 0.000 | 0.144r |
| dpath/a_reg/_127_:Z (BUF_X1)  |        | 0.001       | 0.000      | 0.008      |             | 1.000  | 0.022 | 0.166r |
| dpath/a_reg/_015_ (net)       | 1      |             |            |            | 0.000       |        |       |        |
| dpath/a_reg/_155_:D (DFF_X1)  |        | 0.001       | 0.000      | 0.008      |             | 1.000  | 0.000 | 0.166r |
|                               |        |             |            |            |             |        |       |        |
| clk (port)                    |        | 0.032       | 0.000      | 0.000      |             | 1.000  | 0.000 | 0.000r |
| clk (clock net)               | 34     |             |            |            | NA          |        |       |        |
| dpath/a_reg/_155_:CK (DFF_X1) |        | 0.001       | 0.000      | 0.000      |             | 1.000  | 0.000 | 0.000r |
| clock core_clock (rise edge)  |        |             |            |            |             |        | 0     | 0      |
| clock network delay (ideal)   |        |             |            |            |             |        | 0.000 | 0.000  |
| dpath/a_reg/_155_:CK (DFF_X1) |        |             |            |            |             |        |       | r      |
| library hold time             |        |             |            |            |             |        | 0.005 | 0.005  |
| clock reconvergence pessimism |        |             |            |            |             | -0.000 | 0.005 |        |
|                               |        |             |            |            |             |        |       |        |
| data require time             |        |             |            |            |             |        |       | 0.005  |
| data arrival time             |        |             |            |            |             |        |       | 0.166  |
| slack (MET)                   |        |             |            |            |             |        |       | 0.161  |
+-------------------------------+--------+-------------+------------+------------+-------------+--------+-------+--------+
+-------------------------------+--------+-------------+------------+------------+-------------+--------+-------+--------+
| Point                         | Fanout | Capacitance | Resistance | Transition | Delta Delay | Derate | Incr  | Path   |
+-------------------------------+--------+-------------+------------+------------+-------------+--------+-------+--------+
| clk (port)                    |        | 0.032       | 0.000      | 0.000      |             | 1.000  | 0.000 | 0.000r |
| clk (clock net)               | 34     |             |            |            | NA          |        |       |        |
| dpath/a_reg/_154_:CK (DFF_X1) |        | 0.001       | 0.000      | 0.000      |             | 1.000  | 0.000 | 0.000r |
| clock core_clock (rise edge)  |        |             |            |            |             |        | 0     | 0      |
| clock network delay (ideal)   |        |             |            |            |             |        | 0.000 | 0.000  |
| dpath/a_reg/_154_:CK (DFF_X1) |        | 0.001       | 0.000      | 0.000      |             | 1.000  | 0.000 | 0.000r |
| dpath/a_reg/_154_:Q (DFF_X1)  |        | 0.004       | 0.000      | 0.013      |             | 1.000  | 0.090 | 0.090r |
| dpath/a_lt_b$in0[8] (net)     | 4      |             |            |            | 0.000       |        |       |        |
| dpath/a_reg/_122_:A (BUF_X1)  |        | 0.001       | 0.000      | 0.013      |             | 1.000  | 0.000 | 0.090r |
| dpath/a_reg/_122_:Z (BUF_X1)  |        | 0.001       | 0.000      | 0.006      |             | 1.000  | 0.021 | 0.111r |
| dpath/a_reg/_063_ (net)       | 1      |             |            |            | 0.000       |        |       |        |
| dpath/a_reg/_089_:A (MUX2_X1) |        | 0.001       | 0.000      | 0.006      |             | 1.000  | 0.000 | 0.111r |
| dpath/a_reg/_089_:Z (MUX2_X1) |        | 0.001       | 0.000      | 0.007      |             | 1.000  | 0.033 | 0.144r |
| dpath/a_reg/_030_ (net)       | 1      |             |            |            | 0.000       |        |       |        |
| dpath/a_reg/_124_:A (BUF_X1)  |        | 0.001       | 0.000      | 0.007      |             | 1.000  | 0.000 | 0.144r |
| dpath/a_reg/_124_:Z (BUF_X1)  |        | 0.001       | 0.000      | 0.008      |             | 1.000  | 0.022 | 0.166r |
| dpath/a_reg/_014_ (net)       | 1      |             |            |            | 0.000       |        |       |        |
| dpath/a_reg/_154_:D (DFF_X1)  |        | 0.001       | 0.000      | 0.008      |             | 1.000  | 0.000 | 0.166r |
|                               |        |             |            |            |             |        |       |        |
| clk (port)                    |        | 0.032       | 0.000      | 0.000      |             | 1.000  | 0.000 | 0.000r |
| clk (clock net)               | 34     |             |            |            | NA          |        |       |        |
| dpath/a_reg/_154_:CK (DFF_X1) |        | 0.001       | 0.000      | 0.000      |             | 1.000  | 0.000 | 0.000r |
| clock core_clock (rise edge)  |        |             |            |            |             |        | 0     | 0      |
| clock network delay (ideal)   |        |             |            |            |             |        | 0.000 | 0.000  |
| dpath/a_reg/_154_:CK (DFF_X1) |        |             |            |            |             |        |       | r      |
| library hold time             |        |             |            |            |             |        | 0.005 | 0.005  |
| clock reconvergence pessimism |        |             |            |            |             | -0.000 | 0.005 |        |
|                               |        |             |            |            |             |        |       |        |
| data require time             |        |             |            |            |             |        |       | 0.005  |
| data arrival time             |        |             |            |            |             |        |       | 0.166  |
| slack (MET)                   |        |             |            |            |             |        |       | 0.161  |
+-------------------------------+--------+-------------+------------+------------+-------------+--------+-------+--------+
+-------------------------------+--------+-------------+------------+------------+-------------+--------+-------+--------+
| Point                         | Fanout | Capacitance | Resistance | Transition | Delta Delay | Derate | Incr  | Path   |
+-------------------------------+--------+-------------+------------+------------+-------------+--------+-------+--------+
| clk (port)                    |        | 0.032       | 0.000      | 0.000      |             | 1.000  | 0.000 | 0.000r |
| clk (clock net)               | 34     |             |            |            | NA          |        |       |        |
| dpath/a_reg/_156_:CK (DFF_X1) |        | 0.001       | 0.000      | 0.000      |             | 1.000  | 0.000 | 0.000r |
| clock core_clock (rise edge)  |        |             |            |            |             |        | 0     | 0      |
| clock network delay (ideal)   |        |             |            |            |             |        | 0.000 | 0.000  |
| dpath/a_reg/_156_:CK (DFF_X1) |        | 0.001       | 0.000      | 0.000      |             | 1.000  | 0.000 | 0.000r |
| dpath/a_reg/_156_:Q (DFF_X1)  |        | 0.004       | 0.000      | 0.013      |             | 1.000  | 0.090 | 0.090r |
| dpath/a_lt_b$in0[10] (net)    | 4      |             |            |            | 0.000       |        |       |        |
| dpath/a_reg/_128_:A (BUF_X1)  |        | 0.001       | 0.000      | 0.013      |             | 1.000  | 0.000 | 0.090r |
| dpath/a_reg/_128_:Z (BUF_X1)  |        | 0.001       | 0.000      | 0.006      |             | 1.000  | 0.021 | 0.111r |
| dpath/a_reg/_050_ (net)       | 1      |             |            |            | 0.000       |        |       |        |
| dpath/a_reg/_091_:A (MUX2_X1) |        | 0.001       | 0.000      | 0.006      |             | 1.000  | 0.000 | 0.111r |
| dpath/a_reg/_091_:Z (MUX2_X1) |        | 0.001       | 0.000      | 0.007      |             | 1.000  | 0.033 | 0.144r |
| dpath/a_reg/_017_ (net)       | 1      |             |            |            | 0.000       |        |       |        |
| dpath/a_reg/_130_:A (BUF_X1)  |        | 0.001       | 0.000      | 0.007      |             | 1.000  | 0.000 | 0.144r |
| dpath/a_reg/_130_:Z (BUF_X1)  |        | 0.001       | 0.000      | 0.008      |             | 1.000  | 0.022 | 0.166r |
| dpath/a_reg/_001_ (net)       | 1      |             |            |            | 0.000       |        |       |        |
| dpath/a_reg/_156_:D (DFF_X1)  |        | 0.001       | 0.000      | 0.008      |             | 1.000  | 0.000 | 0.166r |
|                               |        |             |            |            |             |        |       |        |
| clk (port)                    |        | 0.032       | 0.000      | 0.000      |             | 1.000  | 0.000 | 0.000r |
| clk (clock net)               | 34     |             |            |            | NA          |        |       |        |
| dpath/a_reg/_156_:CK (DFF_X1) |        | 0.001       | 0.000      | 0.000      |             | 1.000  | 0.000 | 0.000r |
| clock core_clock (rise edge)  |        |             |            |            |             |        | 0     | 0      |
| clock network delay (ideal)   |        |             |            |            |             |        | 0.000 | 0.000  |
| dpath/a_reg/_156_:CK (DFF_X1) |        |             |            |            |             |        |       | r      |
| library hold time             |        |             |            |            |             |        | 0.005 | 0.005  |
| clock reconvergence pessimism |        |             |            |            |             | -0.000 | 0.005 |        |
|                               |        |             |            |            |             |        |       |        |
| data require time             |        |             |            |            |             |        |       | 0.005  |
| data arrival time             |        |             |            |            |             |        |       | 0.166  |
| slack (MET)                   |        |             |            |            |             |        |       | 0.161  |
+-------------------------------+--------+-------------+------------+------------+-------------+--------+-------+--------+
